2021-04-05 10:55:00,803 INFO com.example.demo.SareetaApplication [main] Starting SareetaApplication on DESKTOP-4SBD1S9 with PID 17300 (started by hine1 in C:\Users\hine1\OneDrive\Desktop\JDND\projects\P04-eCommerce Application\starter_code)
2021-04-05 10:55:00,809 DEBUG com.example.demo.SareetaApplication [main] Running with Spring Boot v2.1.5.RELEASE, Spring v5.1.7.RELEASE
2021-04-05 10:55:01,027 INFO com.example.demo.SareetaApplication [main] No active profile set, falling back to default profiles: default
2021-04-05 10:55:09,054 INFO org.apache.catalina.core.StandardService [main] Starting service [Tomcat]
2021-04-05 10:55:09,055 INFO org.apache.catalina.core.StandardEngine [main] Starting Servlet engine: [Apache Tomcat/9.0.19]
2021-04-05 10:55:09,742 INFO org.apache.catalina.core.ContainerBase.[Tomcat].[localhost].[/] [main] Initializing Spring embedded WebApplicationContext
2021-04-05 10:55:10,194 INFO com.zaxxer.hikari.HikariDataSource [main] HikariPool-1 - Starting...
2021-04-05 10:55:10,846 INFO com.zaxxer.hikari.HikariDataSource [main] HikariPool-1 - Start completed.
2021-04-05 10:55:11,025 INFO org.hibernate.jpa.internal.util.LogHelper [main] HHH000204: Processing PersistenceUnitInfo [
	name: default
	...]
2021-04-05 10:55:11,357 INFO org.hibernate.Version [main] HHH000412: Hibernate Core {5.3.10.Final}
2021-04-05 10:55:11,360 INFO org.hibernate.cfg.Environment [main] HHH000206: hibernate.properties not found
2021-04-05 10:55:11,659 INFO org.hibernate.annotations.common.Version [main] HCANN000001: Hibernate Commons Annotations {5.0.4.Final}
2021-04-05 10:55:11,964 INFO org.hibernate.dialect.Dialect [main] HHH000400: Using dialect: org.hibernate.dialect.H2Dialect
2021-04-05 10:55:20,939 INFO com.example.demo.SareetaApplication [main] Started SareetaApplication in 21.549 seconds (JVM running for 23.053)
2021-04-05 10:55:46,898 INFO org.apache.catalina.core.ContainerBase.[Tomcat].[localhost].[/] [http-nio-8080-exec-2] Initializing Spring DispatcherServlet 'dispatcherServlet'
2021-04-05 10:55:47,207 INFO com.example.demo.controllers.UserController [http-nio-8080-exec-2] Username set with myusername
2021-04-05 10:55:47,463 INFO com.example.demo.controllers.UserController [http-nio-8080-exec-2] Successfully create user
2021-04-05 10:55:52,196 DEBUG com.example.demo.security.JWTAuthenticationFilter [http-nio-8080-exec-3] Request is to process authentication
2021-04-05 10:55:52,485 INFO org.hibernate.hql.internal.QueryTranslatorFactoryInitiator [http-nio-8080-exec-3] HHH000397: Using ASTQueryTranslatorFactory
2021-04-05 10:56:26,500 INFO com.example.demo.controllers.OrderController [http-nio-8080-exec-5] Successfully submit order
2021-04-05 21:52:12,725 WARN com.zaxxer.hikari.pool.HikariPool [HikariPool-1 housekeeper] HikariPool-1 - Thread starvation or clock leap detected (housekeeper delta=9h21m29s591ms339µs).
